<?xml version="1.0" encoding="UTF-8"?>
<!-- Generated by org.testng.reporters.JUnitReportReporter -->
<testsuite skipped="0" hostname="C02W2206HV29" name="seleniumassigment.basicrunner" tests="2" failures="0" timestamp="2022-03-09T23:50:09 IST" time="5.071" errors="0">
  <testcase name="f2" time="0.018" classname="seleniumassigment.basicrunner"/>
  <system-out/>
  <testcase name="navigateTo" time="5.053" classname="seleniumassigment.basicrunner"/>
  <system-out/>
</testsuite> <!-- seleniumassigment.basicrunner -->
